2013/05/22 10:45:42 [error] [system.db.CDbCommand] Falha ao executar CDbCommand::fetchColumn(): SQLSTATE[42501]: Insufficient privilege: 7 ERRO:  permissão negada para relação teste. A declaração SQL executada foi: SELECT COUNT(*) FROM "teste" "t".
in C:\xampp\htdocs\sebo\protected\views\teste\index.php (20)
in C:\xampp\htdocs\sebo\protected\controllers\TesteController.php (128)
in C:\xampp\htdocs\sebo\index.php (13)
2013/05/22 10:45:42 [error] [exception.CDbException] exception 'CDbException' with message 'CDbCommand falhou ao executar o comando SQL: SQLSTATE[42501]: Insufficient privilege: 7 ERRO:  permissão negada para relação teste. The SQL statement executed was: SELECT COUNT(*) FROM "teste" "t"' in C:\xampp\htdocs\yii\framework\db\CDbCommand.php:541
Stack trace:
#0 C:\xampp\htdocs\yii\framework\db\CDbCommand.php(432): CDbCommand->queryInternal('fetchColumn', 0, Array)
#1 C:\xampp\htdocs\yii\framework\db\ar\CActiveRecord.php(1546): CDbCommand->queryScalar()
#2 C:\xampp\htdocs\yii\framework\web\CActiveDataProvider.php(179): CActiveRecord->count(Object(CDbCriteria))
#3 C:\xampp\htdocs\yii\framework\web\CDataProvider.php(224): CActiveDataProvider->calculateTotalItemCount()
#4 C:\xampp\htdocs\yii\framework\web\CActiveDataProvider.php(129): CDataProvider->getTotalItemCount()
#5 C:\xampp\htdocs\yii\framework\web\CDataProvider.php(168): CActiveDataProvider->fetchData()
#6 C:\xampp\htdocs\yii\framework\zii\widgets\CBaseListView.php(107): CDataProvider->getData()
#7 C:\xampp\htdocs\yii\framework\zii\widgets\CListView.php(203): CBaseListView->init()
#8 C:\xampp\htdocs\yii\framework\web\CBaseController.php(147): CListView->init()
#9 C:\xampp\htdocs\yii\framework\web\CBaseController.php(172): CBaseController->createWidget('zii.widgets.CLi...', Array)
#10 C:\xampp\htdocs\sebo\protected\views\teste\index.php(20): CBaseController->widget('zii.widgets.CLi...', Array)
#11 C:\xampp\htdocs\yii\framework\web\CBaseController.php(126): require('C:\xampp\htdocs...')
#12 C:\xampp\htdocs\yii\framework\web\CBaseController.php(95): CBaseController->renderInternal('C:\xampp\htdocs...', Array, true)
#13 C:\xampp\htdocs\yii\framework\web\CController.php(869): CBaseController->renderFile('C:\xampp\htdocs...', Array, true)
#14 C:\xampp\htdocs\yii\framework\web\CController.php(782): CController->renderPartial('index', Array, true)
#15 C:\xampp\htdocs\sebo\protected\controllers\TesteController.php(128): CController->render('index', Array)
#16 C:\xampp\htdocs\yii\framework\web\actions\CInlineAction.php(49): TesteController->actionIndex()
#17 C:\xampp\htdocs\yii\framework\web\CController.php(308): CInlineAction->runWithParams(Array)
#18 C:\xampp\htdocs\yii\framework\web\filters\CFilterChain.php(133): CController->runAction(Object(CInlineAction))
#19 C:\xampp\htdocs\yii\framework\web\filters\CFilter.php(40): CFilterChain->run()
#20 C:\xampp\htdocs\yii\framework\web\CController.php(1145): CFilter->filter(Object(CFilterChain))
#21 C:\xampp\htdocs\yii\framework\web\filters\CInlineFilter.php(58): CController->filterAccessControl(Object(CFilterChain))
#22 C:\xampp\htdocs\yii\framework\web\filters\CFilterChain.php(130): CInlineFilter->filter(Object(CFilterChain))
#23 C:\xampp\htdocs\yii\framework\web\CController.php(291): CFilterChain->run()
#24 C:\xampp\htdocs\yii\framework\web\CController.php(265): CController->runActionWithFilters(Object(CInlineAction), Array)
#25 C:\xampp\htdocs\yii\framework\web\CWebApplication.php(282): CController->run('')
#26 C:\xampp\htdocs\yii\framework\web\CWebApplication.php(141): CWebApplication->runController('teste')
#27 C:\xampp\htdocs\yii\framework\base\CApplication.php(169): CWebApplication->processRequest()
#28 C:\xampp\htdocs\sebo\index.php(13): CApplication->run()
#29 {main}
REQUEST_URI=/sebo/index.php/teste
---
2013/05/22 10:48:43 [error] [exception.CHttpException.404] exception 'CHttpException' with message 'Não foi possível resolver a requisição "h".' in C:\xampp\htdocs\yii\framework\web\CWebApplication.php:286
Stack trace:
#0 C:\xampp\htdocs\yii\framework\web\CWebApplication.php(141): CWebApplication->runController('h')
#1 C:\xampp\htdocs\yii\framework\base\CApplication.php(169): CWebApplication->processRequest()
#2 C:\xampp\htdocs\sebo\index.php(13): CApplication->run()
#3 {main}
REQUEST_URI=/sebo/index.php/h
---
